<?xml version="1.0" encoding="UTF-8"?>
<!-- Generated by org.testng.reporters.JUnitReportReporter -->
<testsuite skipped="0" hostname="Arnabs-MacBook-Pro.local" name="com.autoFramework.A" tests="1" failures="0" timestamp="30 Jul 2018 09:53:32 GMT" time="0.011" errors="0">
  <testcase name="testLoginA" time="0.011" classname="com.autoFramework.A"/>
</testsuite> <!-- com.autoFramework.A -->
