<?xml version="1.0" encoding="UTF-8"?>
<!-- Generated by org.testng.reporters.JUnitReportReporter -->
<testsuite skipped="0" hostname="Arnabs-MacBook-Pro.local" name="com.autoFramework.myCompany.myProjectFramework.testScripts.loginPage.LoginTest" tests="1" failures="0" timestamp="03 Aug 2018 17:05:06 GMT" time="36.930" errors="0">
  <testcase name="testLoginToApplication" time="36.930" classname="com.autoFramework.myCompany.myProjectFramework.testScripts.loginPage.LoginTest"/>
</testsuite> <!-- com.autoFramework.myCompany.myProjectFramework.testScripts.loginPage.LoginTest -->
