<?xml version="1.0" encoding="UTF-8"?>
<!-- Generated by org.testng.reporters.JUnitReportReporter -->
<testsuite skipped="0" hostname="Arnabs-MacBook-Pro.local" name="com.autoFramework.myCompany.myProjectFramework.testScripts.TestScreenshot1" tests="1" failures="0" timestamp="30 Jul 2018 09:53:32 GMT" time="29.549" errors="0">
  <testcase name="testScreenshot" time="29.549" classname="com.autoFramework.myCompany.myProjectFramework.testScripts.TestScreenshot1"/>
</testsuite> <!-- com.autoFramework.myCompany.myProjectFramework.testScripts.TestScreenshot1 -->
